<?xml version="1.0" encoding="UTF-8"?>
<testsuite xmlns:xsi="http://www.w3.org/2001/XMLSchema-instance" xsi:noNamespaceSchemaLocation="https://maven.apache.org/surefire/maven-surefire-plugin/xsd/surefire-test-report.xsd" name="com.ecloud.MysqldemoApplicationTests" time="15.655" tests="1" errors="0" skipped="0" failures="0">
  <properties>
    <property name="sun.desktop" value="windows"/>
    <property name="awt.toolkit" value="sun.awt.windows.WToolkit"/>
    <property name="file.encoding.pkg" value="sun.io"/>
    <property name="java.specification.version" value="1.8"/>
    <property name="sun.cpu.isalist" value="amd64"/>
    <property name="sun.jnu.encoding" value="GBK"/>
    <property name="java.class.path" value="E:\idea_workspace\mysqldemo\target\test-classes;E:\idea_workspace\mysqldemo\target\classes;C:\my_java\my_repository\org\springframework\boot\spring-boot-starter-web\2.5.4\spring-boot-starter-web-2.5.4.jar;C:\my_java\my_repository\org\springframework\boot\spring-boot-starter\2.5.4\spring-boot-starter-2.5.4.jar;C:\my_java\my_repository\org\springframework\boot\spring-boot\2.5.4\spring-boot-2.5.4.jar;C:\my_java\my_repository\org\springframework\boot\spring-boot-starter-logging\2.5.4\spring-boot-starter-logging-2.5.4.jar;C:\my_java\my_repository\ch\qos\logback\logback-classic\1.2.5\logback-classic-1.2.5.jar;C:\my_java\my_repository\ch\qos\logback\logback-core\1.2.5\logback-core-1.2.5.jar;C:\my_java\my_repository\org\apache\logging\log4j\log4j-to-slf4j\2.14.1\log4j-to-slf4j-2.14.1.jar;C:\my_java\my_repository\org\apache\logging\log4j\log4j-api\2.14.1\log4j-api-2.14.1.jar;C:\my_java\my_repository\org\slf4j\jul-to-slf4j\1.7.32\jul-to-slf4j-1.7.32.jar;C:\my_java\my_repository\jakarta\annotation\jakarta.annotation-api\1.3.5\jakarta.annotation-api-1.3.5.jar;C:\my_java\my_repository\org\yaml\snakeyaml\1.28\snakeyaml-1.28.jar;C:\my_java\my_repository\org\springframework\boot\spring-boot-starter-json\2.5.4\spring-boot-starter-json-2.5.4.jar;C:\my_java\my_repository\com\fasterxml\jackson\core\jackson-databind\2.12.4\jackson-databind-2.12.4.jar;C:\my_java\my_repository\com\fasterxml\jackson\core\jackson-annotations\2.12.4\jackson-annotations-2.12.4.jar;C:\my_java\my_repository\com\fasterxml\jackson\core\jackson-core\2.12.4\jackson-core-2.12.4.jar;C:\my_java\my_repository\com\fasterxml\jackson\datatype\jackson-datatype-jdk8\2.12.4\jackson-datatype-jdk8-2.12.4.jar;C:\my_java\my_repository\com\fasterxml\jackson\datatype\jackson-datatype-jsr310\2.12.4\jackson-datatype-jsr310-2.12.4.jar;C:\my_java\my_repository\com\fasterxml\jackson\module\jackson-module-parameter-names\2.12.4\jackson-module-parameter-names-2.12.4.jar;C:\my_java\my_repository\org\springframework\boot\spring-boot-starter-tomcat\2.5.4\spring-boot-starter-tomcat-2.5.4.jar;C:\my_java\my_repository\org\apache\tomcat\embed\tomcat-embed-core\9.0.52\tomcat-embed-core-9.0.52.jar;C:\my_java\my_repository\org\apache\tomcat\embed\tomcat-embed-el\9.0.52\tomcat-embed-el-9.0.52.jar;C:\my_java\my_repository\org\apache\tomcat\embed\tomcat-embed-websocket\9.0.52\tomcat-embed-websocket-9.0.52.jar;C:\my_java\my_repository\org\springframework\spring-web\5.3.9\spring-web-5.3.9.jar;C:\my_java\my_repository\org\springframework\spring-beans\5.3.9\spring-beans-5.3.9.jar;C:\my_java\my_repository\org\springframework\spring-webmvc\5.3.9\spring-webmvc-5.3.9.jar;C:\my_java\my_repository\org\springframework\spring-aop\5.3.9\spring-aop-5.3.9.jar;C:\my_java\my_repository\org\springframework\spring-context\5.3.9\spring-context-5.3.9.jar;C:\my_java\my_repository\org\springframework\spring-expression\5.3.9\spring-expression-5.3.9.jar;C:\my_java\my_repository\org\projectlombok\lombok\1.18.20\lombok-1.18.20.jar;C:\my_java\my_repository\org\springframework\boot\spring-boot-starter-test\2.5.4\spring-boot-starter-test-2.5.4.jar;C:\my_java\my_repository\org\springframework\boot\spring-boot-test\2.5.4\spring-boot-test-2.5.4.jar;C:\my_java\my_repository\org\springframework\boot\spring-boot-test-autoconfigure\2.5.4\spring-boot-test-autoconfigure-2.5.4.jar;C:\my_java\my_repository\com\jayway\jsonpath\json-path\2.5.0\json-path-2.5.0.jar;C:\my_java\my_repository\net\minidev\json-smart\2.4.7\json-smart-2.4.7.jar;C:\my_java\my_repository\net\minidev\accessors-smart\2.4.7\accessors-smart-2.4.7.jar;C:\my_java\my_repository\org\ow2\asm\asm\9.1\asm-9.1.jar;C:\my_java\my_repository\org\slf4j\slf4j-api\1.7.32\slf4j-api-1.7.32.jar;C:\my_java\my_repository\jakarta\xml\bind\jakarta.xml.bind-api\2.3.3\jakarta.xml.bind-api-2.3.3.jar;C:\my_java\my_repository\jakarta\activation\jakarta.activation-api\1.2.2\jakarta.activation-api-1.2.2.jar;C:\my_java\my_repository\org\assertj\assertj-core\3.19.0\assertj-core-3.19.0.jar;C:\my_java\my_repository\org\hamcrest\hamcrest\2.2\hamcrest-2.2.jar;C:\my_java\my_repository\org\junit\jupiter\junit-jupiter\5.7.2\junit-jupiter-5.7.2.jar;C:\my_java\my_repository\org\junit\jupiter\junit-jupiter-api\5.7.2\junit-jupiter-api-5.7.2.jar;C:\my_java\my_repository\org\apiguardian\apiguardian-api\1.1.0\apiguardian-api-1.1.0.jar;C:\my_java\my_repository\org\opentest4j\opentest4j\1.2.0\opentest4j-1.2.0.jar;C:\my_java\my_repository\org\junit\platform\junit-platform-commons\1.7.2\junit-platform-commons-1.7.2.jar;C:\my_java\my_repository\org\junit\jupiter\junit-jupiter-params\5.7.2\junit-jupiter-params-5.7.2.jar;C:\my_java\my_repository\org\junit\jupiter\junit-jupiter-engine\5.7.2\junit-jupiter-engine-5.7.2.jar;C:\my_java\my_repository\org\junit\platform\junit-platform-engine\1.7.2\junit-platform-engine-1.7.2.jar;C:\my_java\my_repository\org\mockito\mockito-core\3.9.0\mockito-core-3.9.0.jar;C:\my_java\my_repository\net\bytebuddy\byte-buddy\1.10.22\byte-buddy-1.10.22.jar;C:\my_java\my_repository\net\bytebuddy\byte-buddy-agent\1.10.22\byte-buddy-agent-1.10.22.jar;C:\my_java\my_repository\org\objenesis\objenesis\3.2\objenesis-3.2.jar;C:\my_java\my_repository\org\mockito\mockito-junit-jupiter\3.9.0\mockito-junit-jupiter-3.9.0.jar;C:\my_java\my_repository\org\skyscreamer\jsonassert\1.5.0\jsonassert-1.5.0.jar;C:\my_java\my_repository\com\vaadin\external\google\android-json\0.0.20131108.vaadin1\android-json-0.0.20131108.vaadin1.jar;C:\my_java\my_repository\org\springframework\spring-core\5.3.9\spring-core-5.3.9.jar;C:\my_java\my_repository\org\springframework\spring-jcl\5.3.9\spring-jcl-5.3.9.jar;C:\my_java\my_repository\org\springframework\spring-test\5.3.9\spring-test-5.3.9.jar;C:\my_java\my_repository\org\xmlunit\xmlunit-core\2.8.2\xmlunit-core-2.8.2.jar;C:\my_java\my_repository\com\baomidou\mybatis-plus-boot-starter\3.3.2\mybatis-plus-boot-starter-3.3.2.jar;C:\my_java\my_repository\com\baomidou\mybatis-plus\3.3.2\mybatis-plus-3.3.2.jar;C:\my_java\my_repository\com\baomidou\mybatis-plus-extension\3.3.2\mybatis-plus-extension-3.3.2.jar;C:\my_java\my_repository\com\baomidou\mybatis-plus-core\3.3.2\mybatis-plus-core-3.3.2.jar;C:\my_java\my_repository\com\baomidou\mybatis-plus-annotation\3.3.2\mybatis-plus-annotation-3.3.2.jar;C:\my_java\my_repository\com\github\jsqlparser\jsqlparser\3.1\jsqlparser-3.1.jar;C:\my_java\my_repository\org\mybatis\mybatis\3.5.4\mybatis-3.5.4.jar;C:\my_java\my_repository\org\mybatis\mybatis-spring\2.0.4\mybatis-spring-2.0.4.jar;C:\my_java\my_repository\org\springframework\boot\spring-boot-autoconfigure\2.5.4\spring-boot-autoconfigure-2.5.4.jar;C:\my_java\my_repository\org\springframework\boot\spring-boot-starter-jdbc\2.5.4\spring-boot-starter-jdbc-2.5.4.jar;C:\my_java\my_repository\com\zaxxer\HikariCP\4.0.3\HikariCP-4.0.3.jar;C:\my_java\my_repository\org\springframework\spring-jdbc\5.3.9\spring-jdbc-5.3.9.jar;C:\my_java\my_repository\mysql\mysql-connector-java\5.1.6\mysql-connector-java-5.1.6.jar;C:\my_java\my_repository\com\google\code\gson\gson\2.8.5\gson-2.8.5.jar;C:\my_java\my_repository\com\alibaba\fastjson\1.2.58\fastjson-1.2.58.jar;C:\my_java\my_repository\org\aspectj\aspectjweaver\1.8.3\aspectjweaver-1.8.3.jar;C:\my_java\my_repository\org\springframework\boot\spring-boot-starter-data-redis\2.5.4\spring-boot-starter-data-redis-2.5.4.jar;C:\my_java\my_repository\org\springframework\data\spring-data-redis\2.5.4\spring-data-redis-2.5.4.jar;C:\my_java\my_repository\org\springframework\data\spring-data-keyvalue\2.5.4\spring-data-keyvalue-2.5.4.jar;C:\my_java\my_repository\org\springframework\data\spring-data-commons\2.5.4\spring-data-commons-2.5.4.jar;C:\my_java\my_repository\org\springframework\spring-tx\5.3.9\spring-tx-5.3.9.jar;C:\my_java\my_repository\org\springframework\spring-oxm\5.3.9\spring-oxm-5.3.9.jar;C:\my_java\my_repository\org\springframework\spring-context-support\5.3.9\spring-context-support-5.3.9.jar;C:\my_java\my_repository\io\lettuce\lettuce-core\6.1.4.RELEASE\lettuce-core-6.1.4.RELEASE.jar;C:\my_java\my_repository\io\netty\netty-common\4.1.67.Final\netty-common-4.1.67.Final.jar;C:\my_java\my_repository\io\netty\netty-handler\4.1.67.Final\netty-handler-4.1.67.Final.jar;C:\my_java\my_repository\io\netty\netty-resolver\4.1.67.Final\netty-resolver-4.1.67.Final.jar;C:\my_java\my_repository\io\netty\netty-buffer\4.1.67.Final\netty-buffer-4.1.67.Final.jar;C:\my_java\my_repository\io\netty\netty-codec\4.1.67.Final\netty-codec-4.1.67.Final.jar;C:\my_java\my_repository\io\netty\netty-transport\4.1.67.Final\netty-transport-4.1.67.Final.jar;C:\my_java\my_repository\io\projectreactor\reactor-core\3.4.9\reactor-core-3.4.9.jar;C:\my_java\my_repository\org\reactivestreams\reactive-streams\1.0.3\reactive-streams-1.0.3.jar;C:\my_java\my_repository\redis\clients\jedis\2.9.0\jedis-2.9.0.jar;C:\my_java\my_repository\org\apache\commons\commons-pool2\2.4.2\commons-pool2-2.4.2.jar;C:\my_java\my_repository\org\springframework\boot\spring-boot-configuration-processor\2.5.4\spring-boot-configuration-processor-2.5.4.jar;"/>
    <property name="java.vm.vendor" value="Oracle Corporation"/>
    <property name="sun.arch.data.model" value="64"/>
    <property name="user.variant" value=""/>
    <property name="java.vendor.url" value="http://java.oracle.com/"/>
    <property name="user.timezone" value="Asia/Shanghai"/>
    <property name="java.vm.specification.version" value="1.8"/>
    <property name="os.name" value="Windows 10"/>
    <property name="user.country" value="CN"/>
    <property name="sun.java.launcher" value="SUN_STANDARD"/>
    <property name="sun.boot.library.path" value="C:\Program Files\Java\jdk1.8.0_131\jre\bin"/>
    <property name="sun.java.command" value="C:\Users\Administrator\AppData\Local\Temp\surefire8898812988035199763\surefirebooter7058752562540616697.jar C:\Users\Administrator\AppData\Local\Temp\surefire8898812988035199763 2021-11-25T17-06-45_828-jvmRun1 surefire9205130713092969008tmp surefire_0519682472136608081tmp"/>
    <property name="surefire.test.class.path" value="E:\idea_workspace\mysqldemo\target\test-classes;E:\idea_workspace\mysqldemo\target\classes;C:\my_java\my_repository\org\springframework\boot\spring-boot-starter-web\2.5.4\spring-boot-starter-web-2.5.4.jar;C:\my_java\my_repository\org\springframework\boot\spring-boot-starter\2.5.4\spring-boot-starter-2.5.4.jar;C:\my_java\my_repository\org\springframework\boot\spring-boot\2.5.4\spring-boot-2.5.4.jar;C:\my_java\my_repository\org\springframework\boot\spring-boot-starter-logging\2.5.4\spring-boot-starter-logging-2.5.4.jar;C:\my_java\my_repository\ch\qos\logback\logback-classic\1.2.5\logback-classic-1.2.5.jar;C:\my_java\my_repository\ch\qos\logback\logback-core\1.2.5\logback-core-1.2.5.jar;C:\my_java\my_repository\org\apache\logging\log4j\log4j-to-slf4j\2.14.1\log4j-to-slf4j-2.14.1.jar;C:\my_java\my_repository\org\apache\logging\log4j\log4j-api\2.14.1\log4j-api-2.14.1.jar;C:\my_java\my_repository\org\slf4j\jul-to-slf4j\1.7.32\jul-to-slf4j-1.7.32.jar;C:\my_java\my_repository\jakarta\annotation\jakarta.annotation-api\1.3.5\jakarta.annotation-api-1.3.5.jar;C:\my_java\my_repository\org\yaml\snakeyaml\1.28\snakeyaml-1.28.jar;C:\my_java\my_repository\org\springframework\boot\spring-boot-starter-json\2.5.4\spring-boot-starter-json-2.5.4.jar;C:\my_java\my_repository\com\fasterxml\jackson\core\jackson-databind\2.12.4\jackson-databind-2.12.4.jar;C:\my_java\my_repository\com\fasterxml\jackson\core\jackson-annotations\2.12.4\jackson-annotations-2.12.4.jar;C:\my_java\my_repository\com\fasterxml\jackson\core\jackson-core\2.12.4\jackson-core-2.12.4.jar;C:\my_java\my_repository\com\fasterxml\jackson\datatype\jackson-datatype-jdk8\2.12.4\jackson-datatype-jdk8-2.12.4.jar;C:\my_java\my_repository\com\fasterxml\jackson\datatype\jackson-datatype-jsr310\2.12.4\jackson-datatype-jsr310-2.12.4.jar;C:\my_java\my_repository\com\fasterxml\jackson\module\jackson-module-parameter-names\2.12.4\jackson-module-parameter-names-2.12.4.jar;C:\my_java\my_repository\org\springframework\boot\spring-boot-starter-tomcat\2.5.4\spring-boot-starter-tomcat-2.5.4.jar;C:\my_java\my_repository\org\apache\tomcat\embed\tomcat-embed-core\9.0.52\tomcat-embed-core-9.0.52.jar;C:\my_java\my_repository\org\apache\tomcat\embed\tomcat-embed-el\9.0.52\tomcat-embed-el-9.0.52.jar;C:\my_java\my_repository\org\apache\tomcat\embed\tomcat-embed-websocket\9.0.52\tomcat-embed-websocket-9.0.52.jar;C:\my_java\my_repository\org\springframework\spring-web\5.3.9\spring-web-5.3.9.jar;C:\my_java\my_repository\org\springframework\spring-beans\5.3.9\spring-beans-5.3.9.jar;C:\my_java\my_repository\org\springframework\spring-webmvc\5.3.9\spring-webmvc-5.3.9.jar;C:\my_java\my_repository\org\springframework\spring-aop\5.3.9\spring-aop-5.3.9.jar;C:\my_java\my_repository\org\springframework\spring-context\5.3.9\spring-context-5.3.9.jar;C:\my_java\my_repository\org\springframework\spring-expression\5.3.9\spring-expression-5.3.9.jar;C:\my_java\my_repository\org\projectlombok\lombok\1.18.20\lombok-1.18.20.jar;C:\my_java\my_repository\org\springframework\boot\spring-boot-starter-test\2.5.4\spring-boot-starter-test-2.5.4.jar;C:\my_java\my_repository\org\springframework\boot\spring-boot-test\2.5.4\spring-boot-test-2.5.4.jar;C:\my_java\my_repository\org\springframework\boot\spring-boot-test-autoconfigure\2.5.4\spring-boot-test-autoconfigure-2.5.4.jar;C:\my_java\my_repository\com\jayway\jsonpath\json-path\2.5.0\json-path-2.5.0.jar;C:\my_java\my_repository\net\minidev\json-smart\2.4.7\json-smart-2.4.7.jar;C:\my_java\my_repository\net\minidev\accessors-smart\2.4.7\accessors-smart-2.4.7.jar;C:\my_java\my_repository\org\ow2\asm\asm\9.1\asm-9.1.jar;C:\my_java\my_repository\org\slf4j\slf4j-api\1.7.32\slf4j-api-1.7.32.jar;C:\my_java\my_repository\jakarta\xml\bind\jakarta.xml.bind-api\2.3.3\jakarta.xml.bind-api-2.3.3.jar;C:\my_java\my_repository\jakarta\activation\jakarta.activation-api\1.2.2\jakarta.activation-api-1.2.2.jar;C:\my_java\my_repository\org\assertj\assertj-core\3.19.0\assertj-core-3.19.0.jar;C:\my_java\my_repository\org\hamcrest\hamcrest\2.2\hamcrest-2.2.jar;C:\my_java\my_repository\org\junit\jupiter\junit-jupiter\5.7.2\junit-jupiter-5.7.2.jar;C:\my_java\my_repository\org\junit\jupiter\junit-jupiter-api\5.7.2\junit-jupiter-api-5.7.2.jar;C:\my_java\my_repository\org\apiguardian\apiguardian-api\1.1.0\apiguardian-api-1.1.0.jar;C:\my_java\my_repository\org\opentest4j\opentest4j\1.2.0\opentest4j-1.2.0.jar;C:\my_java\my_repository\org\junit\platform\junit-platform-commons\1.7.2\junit-platform-commons-1.7.2.jar;C:\my_java\my_repository\org\junit\jupiter\junit-jupiter-params\5.7.2\junit-jupiter-params-5.7.2.jar;C:\my_java\my_repository\org\junit\jupiter\junit-jupiter-engine\5.7.2\junit-jupiter-engine-5.7.2.jar;C:\my_java\my_repository\org\junit\platform\junit-platform-engine\1.7.2\junit-platform-engine-1.7.2.jar;C:\my_java\my_repository\org\mockito\mockito-core\3.9.0\mockito-core-3.9.0.jar;C:\my_java\my_repository\net\bytebuddy\byte-buddy\1.10.22\byte-buddy-1.10.22.jar;C:\my_java\my_repository\net\bytebuddy\byte-buddy-agent\1.10.22\byte-buddy-agent-1.10.22.jar;C:\my_java\my_repository\org\objenesis\objenesis\3.2\objenesis-3.2.jar;C:\my_java\my_repository\org\mockito\mockito-junit-jupiter\3.9.0\mockito-junit-jupiter-3.9.0.jar;C:\my_java\my_repository\org\skyscreamer\jsonassert\1.5.0\jsonassert-1.5.0.jar;C:\my_java\my_repository\com\vaadin\external\google\android-json\0.0.20131108.vaadin1\android-json-0.0.20131108.vaadin1.jar;C:\my_java\my_repository\org\springframework\spring-core\5.3.9\spring-core-5.3.9.jar;C:\my_java\my_repository\org\springframework\spring-jcl\5.3.9\spring-jcl-5.3.9.jar;C:\my_java\my_repository\org\springframework\spring-test\5.3.9\spring-test-5.3.9.jar;C:\my_java\my_repository\org\xmlunit\xmlunit-core\2.8.2\xmlunit-core-2.8.2.jar;C:\my_java\my_repository\com\baomidou\mybatis-plus-boot-starter\3.3.2\mybatis-plus-boot-starter-3.3.2.jar;C:\my_java\my_repository\com\baomidou\mybatis-plus\3.3.2\mybatis-plus-3.3.2.jar;C:\my_java\my_repository\com\baomidou\mybatis-plus-extension\3.3.2\mybatis-plus-extension-3.3.2.jar;C:\my_java\my_repository\com\baomidou\mybatis-plus-core\3.3.2\mybatis-plus-core-3.3.2.jar;C:\my_java\my_repository\com\baomidou\mybatis-plus-annotation\3.3.2\mybatis-plus-annotation-3.3.2.jar;C:\my_java\my_repository\com\github\jsqlparser\jsqlparser\3.1\jsqlparser-3.1.jar;C:\my_java\my_repository\org\mybatis\mybatis\3.5.4\mybatis-3.5.4.jar;C:\my_java\my_repository\org\mybatis\mybatis-spring\2.0.4\mybatis-spring-2.0.4.jar;C:\my_java\my_repository\org\springframework\boot\spring-boot-autoconfigure\2.5.4\spring-boot-autoconfigure-2.5.4.jar;C:\my_java\my_repository\org\springframework\boot\spring-boot-starter-jdbc\2.5.4\spring-boot-starter-jdbc-2.5.4.jar;C:\my_java\my_repository\com\zaxxer\HikariCP\4.0.3\HikariCP-4.0.3.jar;C:\my_java\my_repository\org\springframework\spring-jdbc\5.3.9\spring-jdbc-5.3.9.jar;C:\my_java\my_repository\mysql\mysql-connector-java\5.1.6\mysql-connector-java-5.1.6.jar;C:\my_java\my_repository\com\google\code\gson\gson\2.8.5\gson-2.8.5.jar;C:\my_java\my_repository\com\alibaba\fastjson\1.2.58\fastjson-1.2.58.jar;C:\my_java\my_repository\org\aspectj\aspectjweaver\1.8.3\aspectjweaver-1.8.3.jar;C:\my_java\my_repository\org\springframework\boot\spring-boot-starter-data-redis\2.5.4\spring-boot-starter-data-redis-2.5.4.jar;C:\my_java\my_repository\org\springframework\data\spring-data-redis\2.5.4\spring-data-redis-2.5.4.jar;C:\my_java\my_repository\org\springframework\data\spring-data-keyvalue\2.5.4\spring-data-keyvalue-2.5.4.jar;C:\my_java\my_repository\org\springframework\data\spring-data-commons\2.5.4\spring-data-commons-2.5.4.jar;C:\my_java\my_repository\org\springframework\spring-tx\5.3.9\spring-tx-5.3.9.jar;C:\my_java\my_repository\org\springframework\spring-oxm\5.3.9\spring-oxm-5.3.9.jar;C:\my_java\my_repository\org\springframework\spring-context-support\5.3.9\spring-context-support-5.3.9.jar;C:\my_java\my_repository\io\lettuce\lettuce-core\6.1.4.RELEASE\lettuce-core-6.1.4.RELEASE.jar;C:\my_java\my_repository\io\netty\netty-common\4.1.67.Final\netty-common-4.1.67.Final.jar;C:\my_java\my_repository\io\netty\netty-handler\4.1.67.Final\netty-handler-4.1.67.Final.jar;C:\my_java\my_repository\io\netty\netty-resolver\4.1.67.Final\netty-resolver-4.1.67.Final.jar;C:\my_java\my_repository\io\netty\netty-buffer\4.1.67.Final\netty-buffer-4.1.67.Final.jar;C:\my_java\my_repository\io\netty\netty-codec\4.1.67.Final\netty-codec-4.1.67.Final.jar;C:\my_java\my_repository\io\netty\netty-transport\4.1.67.Final\netty-transport-4.1.67.Final.jar;C:\my_java\my_repository\io\projectreactor\reactor-core\3.4.9\reactor-core-3.4.9.jar;C:\my_java\my_repository\org\reactivestreams\reactive-streams\1.0.3\reactive-streams-1.0.3.jar;C:\my_java\my_repository\redis\clients\jedis\2.9.0\jedis-2.9.0.jar;C:\my_java\my_repository\org\apache\commons\commons-pool2\2.4.2\commons-pool2-2.4.2.jar;C:\my_java\my_repository\org\springframework\boot\spring-boot-configuration-processor\2.5.4\spring-boot-configuration-processor-2.5.4.jar;"/>
    <property name="sun.cpu.endian" value="little"/>
    <property name="user.home" value="C:\Users\Administrator"/>
    <property name="user.language" value="zh"/>
    <property name="java.specification.vendor" value="Oracle Corporation"/>
    <property name="java.home" value="C:\Program Files\Java\jdk1.8.0_131\jre"/>
    <property name="basedir" value="E:\idea_workspace\mysqldemo"/>
    <property name="file.separator" value="\"/>
    <property name="line.separator" value="&#10;"/>
    <property name="java.vm.specification.vendor" value="Oracle Corporation"/>
    <property name="java.specification.name" value="Java Platform API Specification"/>
    <property name="java.awt.graphicsenv" value="sun.awt.Win32GraphicsEnvironment"/>
    <property name="surefire.real.class.path" value="C:\Users\Administrator\AppData\Local\Temp\surefire8898812988035199763\surefirebooter7058752562540616697.jar"/>
    <property name="sun.boot.class.path" value="C:\Program Files\Java\jdk1.8.0_131\jre\lib\resources.jar;C:\Program Files\Java\jdk1.8.0_131\jre\lib\rt.jar;C:\Program Files\Java\jdk1.8.0_131\jre\lib\sunrsasign.jar;C:\Program Files\Java\jdk1.8.0_131\jre\lib\jsse.jar;C:\Program Files\Java\jdk1.8.0_131\jre\lib\jce.jar;C:\Program Files\Java\jdk1.8.0_131\jre\lib\charsets.jar;C:\Program Files\Java\jdk1.8.0_131\jre\lib\jfr.jar;C:\Program Files\Java\jdk1.8.0_131\jre\classes"/>
    <property name="user.script" value=""/>
    <property name="sun.management.compiler" value="HotSpot 64-Bit Tiered Compilers"/>
    <property name="java.runtime.version" value="1.8.0_131-b11"/>
    <property name="user.name" value="Administrator"/>
    <property name="path.separator" value=";"/>
    <property name="os.version" value="10.0"/>
    <property name="java.endorsed.dirs" value="C:\Program Files\Java\jdk1.8.0_131\jre\lib\endorsed"/>
    <property name="java.runtime.name" value="Java(TM) SE Runtime Environment"/>
    <property name="file.encoding" value="GBK"/>
    <property name="java.vm.name" value="Java HotSpot(TM) 64-Bit Server VM"/>
    <property name="localRepository" value="C:\my_java\my_repository"/>
    <property name="java.vendor.url.bug" value="http://bugreport.sun.com/bugreport/"/>
    <property name="java.io.tmpdir" value="C:\Users\Administrator\AppData\Local\Temp\"/>
    <property name="java.version" value="1.8.0_131"/>
    <property name="user.dir" value="E:\idea_workspace\mysqldemo"/>
    <property name="os.arch" value="amd64"/>
    <property name="java.vm.specification.name" value="Java Virtual Machine Specification"/>
    <property name="java.awt.printerjob" value="sun.awt.windows.WPrinterJob"/>
    <property name="idea.version2019.3.1" value="true"/>
    <property name="sun.os.patch.level" value=""/>
    <property name="java.library.path" value="C:\Program Files\Java\jdk1.8.0_131\jre\bin;C:\Windows\Sun\Java\bin;C:\Windows\system32;C:\Windows;E:\wps\wps1\WPS Office\11.1.0.11115\office6;E:\wps\wps1\WPS Office\11.1.0.11115\office6;C:\Python39\Scripts\;C:\Python39\;C:\ProgramData\Oracle\Java\javapath;C:\Program Files\Java\jdk1.8.0_131\bin;C:\Program Files\Java\jdk1.8.0_131\jre\bin;C:\Program Files\Java\jdk1.8.0_131\bin;C:\Program Files\apache-maven-3.6.3-bin\apache-maven-3.6.3\bin;C:\Program Files\MySQL\MySQL Server 5.6\bin;C:\Windows\system32;E:\git\新建文件夹1\Git\cmd;E:\node.js\New Folder\;C:\ProgramData\chocolatey\bin;E:\Xshell\新建文件夹\;E:\xftp\新建文件夹\;C:\Users\Administrator\AppData\Local\Microsoft\WindowsApps;D:\新建文件夹 (4)\Microsoft VS Code\bin;C:\Users\Administrator\AppData\Roaming\npm;E:\redis\Redis-x64-3.0.504;D:\新建文件夹 (5)\新建文件夹\Notepad++;;."/>
    <property name="java.vm.info" value="mixed mode"/>
    <property name="java.vendor" value="Oracle Corporation"/>
    <property name="java.vm.version" value="25.131-b11"/>
    <property name="java.ext.dirs" value="C:\Program Files\Java\jdk1.8.0_131\jre\lib\ext;C:\Windows\Sun\Java\lib\ext"/>
    <property name="sun.io.unicode.encoding" value="UnicodeLittle"/>
    <property name="maven.repo.local" value="C:\my_java\my_repository"/>
    <property name="java.class.version" value="52.0"/>
  </properties>
  <testcase name="contextLoads" classname="com.ecloud.MysqldemoApplicationTests" time="0.679"/>
</testsuite>